[0.035s] Invoking command in '/home/login/ws_moveit/build/moveit_task_constructor_msgs': CMAKE_PREFIX_PATH=${CMAKE_PREFIX_PATH}:/home/login/ws_moveit/install/move_it:/home/login/install/move_it:/home/login/ros2_ws/install/my_test_pkg:/home/login/install/my_test_pkg:/opt/ros/jazzy /usr/bin/cmake --build /home/login/ws_moveit/build/moveit_task_constructor_msgs -- -j12 -l12
[0.133s] failed to create symbolic link '/home/login/ws_moveit/build/moveit_task_constructor_msgs/ament_cmake_python/moveit_task_constructor_msgs/moveit_task_constructor_msgs' because existing path cannot be removed: Is a directory
[0.134s] [  1%] Built target moveit_task_constructor_msgs__rosidl_generator_type_description
[0.135s] gmake[2]: *** [CMakeFiles/ament_cmake_python_symlink_moveit_task_constructor_msgs.dir/build.make:70: CMakeFiles/ament_cmake_python_symlink_moveit_task_constructor_msgs] Error 1
[0.136s] gmake[1]: *** [CMakeFiles/Makefile2:452: CMakeFiles/ament_cmake_python_symlink_moveit_task_constructor_msgs.dir/all] Error 2
[0.136s] gmake[1]: *** Waiting for unfinished jobs....
[0.180s] [  1%] Built target moveit_task_constructor_msgs__cpp
[0.184s] gmake: *** [Makefile:146: all] Error 2
[0.376s] Invoked command in '/home/login/ws_moveit/build/moveit_task_constructor_msgs' returned '2': CMAKE_PREFIX_PATH=${CMAKE_PREFIX_PATH}:/home/login/ws_moveit/install/move_it:/home/login/install/move_it:/home/login/ros2_ws/install/my_test_pkg:/home/login/install/my_test_pkg:/opt/ros/jazzy /usr/bin/cmake --build /home/login/ws_moveit/build/moveit_task_constructor_msgs -- -j12 -l12
